{"C:\\Users\\Aarus\\OneDrive\\Desktop\\bc\\CollabSphereServer\\middleware\\authenticate.js": {"path":"C:\\Users\\Aarus\\OneDrive\\Desktop\\bc\\CollabSphereServer\\middleware\\authenticate.js","statementMap":{"0":{"start":{"line":1,"column":12},"end":{"line":1,"column":35}},"1":{"start":{"line":5,"column":21},"end":{"line":24,"column":1}},"2":{"start":{"line":6,"column":4},"end":{"line":23,"column":5}},"3":{"start":{"line":7,"column":26},"end":{"line":7,"column":65}},"4":{"start":{"line":8,"column":27},"end":{"line":8,"column":54}},"5":{"start":{"line":10,"column":12},"end":{"line":10,"column":29}},"6":{"start":{"line":11,"column":12},"end":{"line":11,"column":18}},"7":{"start":{"line":14,"column":8},"end":{"line":22,"column":8}},"8":{"start":{"line":15,"column":12},"end":{"line":17,"column":14}},"9":{"start":{"line":19,"column":8},"end":{"line":21,"column":10}},"10":{"start":{"line":26,"column":0},"end":{"line":26,"column":29}}},"fnMap":{"0":{"name":"(anonymous_0)","decl":{"start":{"line":5,"column":21},"end":{"line":5,"column":22}},"loc":{"start":{"line":5,"column":41},"end":{"line":24,"column":1}},"line":5}},"branchMap":{"0":{"loc":{"start":{"line":14,"column":8},"end":{"line":22,"column":8}},"type":"if","locations":[{"start":{"line":14,"column":8},"end":{"line":22,"column":8}},{"start":{"line":18,"column":15},"end":{"line":22,"column":8}}],"line":14}},"s":{"0":1,"1":1,"2":3,"3":3,"4":3,"5":1,"6":1,"7":2,"8":1,"9":1,"10":1},"f":{"0":3},"b":{"0":[1,1]},"_coverageSchema":"1a1c01bbd47fc00a2c39e90264f33305004495a9","hash":"f2cacc5a64665090ccbff56f8a77941028b3907f"}
}
